0 silly argv {
0 silly argv   _: [ 'version' ],
0 silly argv   'commit-hooks': false,
0 silly argv   commitHooks: false,
0 silly argv   lernaVersion: '3.22.1',
0 silly argv   '$0': '/Volumes/Dev/GitHub/ioBroker.objects-redis/node_modules/.bin/lerna'
0 silly argv }
1 notice cli v3.22.1
2 verbose rootPath /Volumes/Dev/GitHub/ioBroker.objects-redis
3 info current version 0.0.1
4 silly isAnythingCommitted
5 verbose isAnythingCommitted 1
6 silly currentBranch
7 verbose currentBranch monorepo
8 silly hasTags
9 verbose hasTags false
10 info Assuming all packages changed
11 verbose updated @iobroker/db-base
12 verbose updated @iobroker/db-objects-file
13 verbose updated @iobroker/db-objects-redis
14 verbose updated @iobroker/db-states-file
15 verbose updated @iobroker/db-states-redis
16 warn version Skipping working tree validation, proceed at your own risk
17 info execute Skipping git push
18 info execute Skipping releases
19 silly lifecycle "preversion" starting in "@iobroker/db"
20 info lifecycle @iobroker/db@undefined~preversion: @iobroker/db@undefined
21 verbose lifecycle @iobroker/db@undefined~preversion: unsafe-perm in lifecycle true
22 verbose lifecycle @iobroker/db@undefined~preversion: PATH: /Volumes/Dev/GitHub/ioBroker.objects-redis/node_modules/npm-lifecycle/node-gyp-bin:/Volumes/Dev/GitHub/ioBroker.objects-redis/node_modules/.bin:/usr/local/lib/node_modules/npm/node_modules/npm-lifecycle/node-gyp-bin:/Volumes/Dev/GitHub/ioBroker.objects-redis/node_modules/.bin:/Users/ingof/.rvm/gems/ruby-2.2.6/bin:/Users/ingof/.rvm/gems/ruby-2.2.6@global/bin:/Users/ingof/.rvm/rubies/ruby-2.2.6/bin:/usr/local/bin:/usr/bin:/bin:/usr/sbin:/sbin:/usr/local/MacGPG2/bin:/opt/X11/bin:/Library/Apple/usr/bin:/Users/ingof/.rvm/bin
23 verbose lifecycle @iobroker/db@undefined~preversion: CWD: /Volumes/Dev/GitHub/ioBroker.objects-redis
24 silly lifecycle @iobroker/db@undefined~preversion: Args: [ '-c', 'release-script --lerna-check' ]
25 silly lifecycle @iobroker/db@undefined~preversion: Returned: code: 0  signal: null
26 silly lifecycle "preversion" finished in "@iobroker/db"
27 silly lifecycle No script for "preversion" in "@iobroker/db-base", continuing
28 silly lifecycle No script for "version" in "@iobroker/db-base", continuing
29 silly lifecycle No script for "preversion" in "@iobroker/db-objects-redis", continuing
30 silly lifecycle No script for "preversion" in "@iobroker/db-states-redis", continuing
31 silly lifecycle No script for "version" in "@iobroker/db-objects-redis", continuing
32 silly lifecycle No script for "preversion" in "@iobroker/db-objects-file", continuing
33 silly lifecycle No script for "version" in "@iobroker/db-states-redis", continuing
34 silly lifecycle No script for "preversion" in "@iobroker/db-states-file", continuing
35 silly lifecycle No script for "version" in "@iobroker/db-objects-file", continuing
36 silly lifecycle No script for "version" in "@iobroker/db-states-file", continuing
37 silly lifecycle "version" starting in "@iobroker/db"
38 info lifecycle @iobroker/db@undefined~version: @iobroker/db@undefined
39 verbose lifecycle @iobroker/db@undefined~version: unsafe-perm in lifecycle true
40 verbose lifecycle @iobroker/db@undefined~version: PATH: /Volumes/Dev/GitHub/ioBroker.objects-redis/node_modules/npm-lifecycle/node-gyp-bin:/Volumes/Dev/GitHub/ioBroker.objects-redis/node_modules/.bin:/usr/local/lib/node_modules/npm/node_modules/npm-lifecycle/node-gyp-bin:/Volumes/Dev/GitHub/ioBroker.objects-redis/node_modules/.bin:/Users/ingof/.rvm/gems/ruby-2.2.6/bin:/Users/ingof/.rvm/gems/ruby-2.2.6@global/bin:/Users/ingof/.rvm/rubies/ruby-2.2.6/bin:/usr/local/bin:/usr/bin:/bin:/usr/sbin:/sbin:/usr/local/MacGPG2/bin:/opt/X11/bin:/Library/Apple/usr/bin:/Users/ingof/.rvm/bin
41 verbose lifecycle @iobroker/db@undefined~version: CWD: /Volumes/Dev/GitHub/ioBroker.objects-redis
42 silly lifecycle @iobroker/db@undefined~version: Args: [ '-c', 'release-script --lerna' ]
43 silly lifecycle @iobroker/db@undefined~version: Returned: code: 0  signal: null
44 silly lifecycle "version" finished in "@iobroker/db"
45 silly gitAdd [
45 silly gitAdd   'packages/db-base/package.json',
45 silly gitAdd   'packages/db-base/package-lock.json',
45 silly gitAdd   'packages/db-objects-redis/package.json',
45 silly gitAdd   'packages/db-objects-redis/package-lock.json',
45 silly gitAdd   'packages/db-states-redis/package.json',
45 silly gitAdd   'packages/db-states-redis/package-lock.json',
45 silly gitAdd   'packages/db-objects-file/package.json',
45 silly gitAdd   'packages/db-objects-file/package-lock.json',
45 silly gitAdd   'packages/db-states-file/package.json',
45 silly gitAdd   'packages/db-states-file/package-lock.json',
45 silly gitAdd   'lerna.json'
45 silly gitAdd ]
46 error Error: Command failed: git add -- packages/db-base/package.json packages/db-base/package-lock.json packages/db-objects-redis/package.json packages/db-objects-redis/package-lock.json packages/db-states-redis/package.json packages/db-states-redis/package-lock.json packages/db-objects-file/package.json packages/db-objects-file/package-lock.json packages/db-states-file/package.json packages/db-states-file/package-lock.json lerna.json
46 error The following paths are ignored by one of your .gitignore files:
46 error packages/db-base/package-lock.json
46 error packages/db-objects-file/package-lock.json
46 error packages/db-objects-redis/package-lock.json
46 error packages/db-states-file/package-lock.json
46 error packages/db-states-redis/package-lock.json
46 error Use -f if you really want to add them.
46 error
46 error     at makeError (/Volumes/Dev/GitHub/ioBroker.objects-redis/node_modules/execa/index.js:174:9)
46 error     at /Volumes/Dev/GitHub/ioBroker.objects-redis/node_modules/execa/index.js:278:16
46 error     at processTicksAndRejections (internal/process/task_queues.js:97:5)
